<?xml version="1.0" encoding="UTF-8"?>
<testng-results skipped="0" failed="0" ignored="0" total="1" passed="1">
  <reporter-output>
  </reporter-output>
  <suite name="Default suite" duration-ms="225646" started-at="2019-06-08T11:52:21Z" finished-at="2019-06-08T11:56:07Z">
    <groups>
    </groups>
    <test name="Default test" duration-ms="225646" started-at="2019-06-08T11:52:21Z" finished-at="2019-06-08T11:56:07Z">
      <class name="TestCases.ControlSheetRunner">
        <test-method status="PASS" signature="main1()[pri:0, instance:TestCases.ControlSheetRunner@cb5822]" name="main1" duration-ms="225601" started-at="2019-06-08T11:52:21Z" finished-at="2019-06-08T11:56:07Z">
          <reporter-output>
          </reporter-output>
        </test-method> <!-- main1 -->
      </class> <!-- TestCases.ControlSheetRunner -->
    </test> <!-- Default test -->
  </suite> <!-- Default suite -->
</testng-results>
